[{"line":2,"elements":[{"start_timestamp":"2024-07-07T07:15:14.761Z","line":4,"name":"Place order for the items in cart","description":"","id":"cart-management;place-order-for-the-items-in-cart","type":"scenario","keyword":"Scenario","steps":[{"result":{"duration":8548000000,"status":"passed"},"line":6,"name":"the user is logged in","match":{"location":"com.ecommerce.testing.steps.CartSteps.theUserIsLoggedIn()"},"keyword":"Given "},{"result":{"duration":4363000000,"status":"passed"},"line":7,"name":"the user adds a product \"Sauce Labs Bolt T-Shirt\" to the cart","match":{"arguments":[{"val":"\"Sauce Labs Bolt T-Shirt\"","offset":24}],"location":"com.ecommerce.testing.steps.CartSteps.the_user_adds_a_product_to_the_cart(java.lang.String)"},"keyword":"Then "},{"result":{"duration":6953000000,"status":"passed"},"line":8,"name":"the user places order for the product","match":{"location":"com.ecommerce.testing.steps.CartSteps.the_user_places_order_for_the_product()"},"keyword":"Then "},{"result":{"duration":1023000000,"status":"passed"},"line":9,"name":"Order should be placed successfully","match":{"location":"com.ecommerce.testing.steps.CartSteps.order_should_be_placed_successfully()"},"keyword":"Then "}],"tags":[{"name":"@Cart"}]}],"name":"Cart Management","description":"","id":"cart-management","keyword":"Feature","uri":"file:src/test/java/com/ecommerce/testing/features/Cart.feature","tags":[{"name":"@Cart","type":"Tag","location":{"line":1,"column":1}}]},{"line":2,"elements":[{"start_timestamp":"2024-07-07T07:15:35.744Z","line":12,"name":"Login with \"standard_user\" and \"secret_sauce\"","description":"","id":"login-with-multiple-credentials;login-with-\"<username>\"-and-\"<password>\";;2","type":"scenario","keyword":"Scenario Outline","steps":[{"result":{"duration":5693000000,"status":"passed"},"line":6,"name":"the user is on the login page","match":{"location":"com.ecommerce.testing.steps.LoginSteps.theUserIsOnTheLoginPage()"},"keyword":"Given "},{"result":{"duration":673000000,"status":"passed"},"line":7,"name":"the user provides valid \"standard_user\" and \"secret_sauce\"","match":{"arguments":[{"val":"\"standard_user\"","offset":24},{"val":"\"secret_sauce\"","offset":44}],"location":"com.ecommerce.testing.steps.LoginSteps.the_user_provides_valid_and(java.lang.String,java.lang.String)"},"keyword":"When "},{"result":{"duration":975000000,"status":"passed"},"line":8,"name":"the user should be redirected to the home page","match":{"location":"com.ecommerce.testing.steps.LoginSteps.theUserShouldBeRedirectedToTheHomePage()"},"keyword":"Then "}],"tags":[{"name":"@Login"}]},{"start_timestamp":"2024-07-07T07:15:43.107Z","line":13,"name":"Login with \"locked_out_user\" and \"secret_sauce\"","description":"","id":"login-with-multiple-credentials;login-with-\"<username>\"-and-\"<password>\";;3","type":"scenario","keyword":"Scenario Outline","steps":[{"result":{"error_message":"org.openqa.selenium.SessionNotCreatedException: Could not start a new session. Possible causes are invalid address of the remote server or browser start-up failure. \nHost info: host: 'DESKTOP-F1ADLNS', ip: '192.168.40.170'\r\n\tat org.openqa.selenium.remote.RemoteWebDriver.execute(RemoteWebDriver.java:561)\r\n\tat org.openqa.selenium.remote.RemoteWebDriver.startSession(RemoteWebDriver.java:229)\r\n\tat org.openqa.selenium.remote.RemoteWebDriver.<init>(RemoteWebDriver.java:157)\r\n\tat org.openqa.selenium.chromium.ChromiumDriver.<init>(ChromiumDriver.java:101)\r\n\tat org.openqa.selenium.edge.EdgeDriver.<init>(EdgeDriver.java:60)\r\n\tat org.openqa.selenium.edge.EdgeDriver.<init>(EdgeDriver.java:56)\r\n\tat org.openqa.selenium.edge.EdgeDriver.<init>(EdgeDriver.java:48)\r\n\tat org.openqa.selenium.edge.EdgeDriver.<init>(EdgeDriver.java:44)\r\n\tat com.ecommerce.testing.steps.LoginSteps.theUserIsOnTheLoginPage(LoginSteps.java:25)\r\n\tat âœ½.the user is on the login page(file:///D:/Project/ecommerce-test/src/test/java/com/ecommerce/testing/features/Login.feature:6)\r\nCaused by: org.openqa.selenium.WebDriverException: Driver server process died prematurely.\nBuild info: version: '4.9.0', revision: 'd7057100a6'\nSystem info: os.name: 'Windows 10', os.arch: 'amd64', os.version: '10.0', java.version: '1.8.0_202'\nDriver info: driver.version: EdgeDriver\r\n\tat org.openqa.selenium.remote.service.DriverService.start(DriverService.java:234)\r\n\tat org.openqa.selenium.remote.service.DriverCommandExecutor.execute(DriverCommandExecutor.java:114)\r\n\tat org.openqa.selenium.remote.RemoteWebDriver.execute(RemoteWebDriver.java:543)\r\n\tat org.openqa.selenium.remote.RemoteWebDriver.startSession(RemoteWebDriver.java:229)\r\n\tat org.openqa.selenium.remote.RemoteWebDriver.<init>(RemoteWebDriver.java:157)\r\n\tat org.openqa.selenium.chromium.ChromiumDriver.<init>(ChromiumDriver.java:101)\r\n\tat org.openqa.selenium.edge.EdgeDriver.<init>(EdgeDriver.java:60)\r\n\tat org.openqa.selenium.edge.EdgeDriver.<init>(EdgeDriver.java:56)\r\n\tat org.openqa.selenium.edge.EdgeDriver.<init>(EdgeDriver.java:48)\r\n\tat org.openqa.selenium.edge.EdgeDriver.<init>(EdgeDriver.java:44)\r\n\tat com.ecommerce.testing.steps.LoginSteps.theUserIsOnTheLoginPage(LoginSteps.java:25)\r\n\tat sun.reflect.NativeMethodAccessorImpl.invoke0(Native Method)\r\n\tat sun.reflect.NativeMethodAccessorImpl.invoke(NativeMethodAccessorImpl.java:62)\r\n\tat sun.reflect.DelegatingMethodAccessorImpl.invoke(DelegatingMethodAccessorImpl.java:43)\r\n\tat java.lang.reflect.Method.invoke(Method.java:498)\r\n\tat io.cucumber.java.Invoker.doInvoke(Invoker.java:66)\r\n\tat io.cucumber.java.Invoker.invoke(Invoker.java:24)\r\n\tat io.cucumber.java.AbstractGlueDefinition.invokeMethod(AbstractGlueDefinition.java:47)\r\n\tat io.cucumber.java.JavaStepDefinition.execute(JavaStepDefinition.java:29)\r\n\tat io.cucumber.core.runner.CoreStepDefinition.execute(CoreStepDefinition.java:66)\r\n\tat io.cucumber.core.runner.PickleStepDefinitionMatch.runStep(PickleStepDefinitionMatch.java:63)\r\n\tat io.cucumber.core.runner.ExecutionMode$1.execute(ExecutionMode.java:10)\r\n\tat io.cucumber.core.runner.TestStep.executeStep(TestStep.java:84)\r\n\tat io.cucumber.core.runner.TestStep.run(TestStep.java:56)\r\n\tat io.cucumber.core.runner.PickleStepTestStep.run(PickleStepTestStep.java:51)\r\n\tat io.cucumber.core.runner.TestCase.run(TestCase.java:84)\r\n\tat io.cucumber.core.runner.Runner.runPickle(Runner.java:75)\r\n\tat io.cucumber.junit.PickleRunners$NoStepDescriptions.lambda$run$0(PickleRunners.java:151)\r\n\tat io.cucumber.core.runtime.CucumberExecutionContext.lambda$runTestCase$5(CucumberExecutionContext.java:130)\r\n\tat io.cucumber.core.runtime.RethrowingThrowableCollector.executeAndThrow(RethrowingThrowableCollector.java:23)\r\n\tat io.cucumber.core.runtime.CucumberExecutionContext.runTestCase(CucumberExecutionContext.java:130)\r\n\tat io.cucumber.junit.PickleRunners$NoStepDescriptions.run(PickleRunners.java:148)\r\n\tat io.cucumber.junit.FeatureRunner.runChild(FeatureRunner.java:144)\r\n\tat io.cucumber.junit.FeatureRunner.runChild(FeatureRunner.java:28)\r\n\tat org.junit.runners.ParentRunner$4.run(ParentRunner.java:331)\r\n\tat org.junit.runners.ParentRunner$1.schedule(ParentRunner.java:79)\r\n\tat org.junit.runners.ParentRunner.runChildren(ParentRunner.java:329)\r\n\tat org.junit.runners.ParentRunner.access$100(ParentRunner.java:66)\r\n\tat org.junit.runners.ParentRunner$2.evaluate(ParentRunner.java:293)\r\n\tat org.junit.runners.ParentRunner$3.evaluate(ParentRunner.java:306)\r\n\tat org.junit.runners.ParentRunner.run(ParentRunner.java:413)\r\n\tat io.cucumber.junit.FeatureRunner.run(FeatureRunner.java:137)\r\n\tat io.cucumber.junit.Cucumber.runChild(Cucumber.java:196)\r\n\tat io.cucumber.junit.Cucumber.runChild(Cucumber.java:89)\r\n\tat org.junit.runners.ParentRunner$4.run(ParentRunner.java:331)\r\n\tat org.junit.runners.ParentRunner$1.schedule(ParentRunner.java:79)\r\n\tat org.junit.runners.ParentRunner.runChildren(ParentRunner.java:329)\r\n\tat org.junit.runners.ParentRunner.access$100(ParentRunner.java:66)\r\n\tat org.junit.runners.ParentRunner$2.evaluate(ParentRunner.java:293)\r\n\tat io.cucumber.junit.Cucumber$RunBeforeAllHooks.evaluate(Cucumber.java:266)\r\n\tat io.cucumber.junit.Cucumber$RunAfterAllHooks.evaluate(Cucumber.java:281)\r\n\tat io.cucumber.junit.Cucumber$StartTestRun.evaluate(Cucumber.java:233)\r\n\tat io.cucumber.junit.Cucumber$FinishTestRun.evaluate(Cucumber.java:248)\r\n\tat org.junit.runners.ParentRunner$3.evaluate(ParentRunner.java:306)\r\n\tat org.junit.runners.ParentRunner.run(ParentRunner.java:413)\r\n\tat org.eclipse.jdt.internal.junit4.runner.JUnit4TestReference.run(JUnit4TestReference.java:93)\r\n\tat org.eclipse.jdt.internal.junit.runner.TestExecution.run(TestExecution.java:40)\r\n\tat org.eclipse.jdt.internal.junit.runner.RemoteTestRunner.runTests(RemoteTestRunner.java:529)\r\n\tat org.eclipse.jdt.internal.junit.runner.RemoteTestRunner.runTests(RemoteTestRunner.java:757)\r\n\tat org.eclipse.jdt.internal.junit.runner.RemoteTestRunner.run(RemoteTestRunner.java:452)\r\n\tat org.eclipse.jdt.internal.junit.runner.RemoteTestRunner.main(RemoteTestRunner.java:210)\r\n","duration":399000000,"status":"failed"},"line":6,"name":"the user is on the login page","match":{"location":"com.ecommerce.testing.steps.LoginSteps.theUserIsOnTheLoginPage()"},"keyword":"Given "},{"result":{"status":"skipped"},"line":7,"name":"the user provides valid \"locked_out_user\" and \"secret_sauce\"","match":{"arguments":[{"val":"\"locked_out_user\"","offset":24},{"val":"\"secret_sauce\"","offset":46}],"location":"com.ecommerce.testing.steps.LoginSteps.the_user_provides_valid_and(java.lang.String,java.lang.String)"},"keyword":"When "},{"result":{"status":"skipped"},"line":8,"name":"the user should be redirected to the home page","match":{"location":"com.ecommerce.testing.steps.LoginSteps.theUserShouldBeRedirectedToTheHomePage()"},"keyword":"Then "}],"tags":[{"name":"@Login"}]}],"name":"Login with Multiple Credentials","description":"","id":"login-with-multiple-credentials","keyword":"Feature","uri":"file:src/test/java/com/ecommerce/testing/features/Login.feature","tags":[{"name":"@Login","type":"Tag","location":{"line":1,"column":1}}]}]